<?xml version="1.0" encoding="UTF-8"?>
<!-- Generated by org.testng.reporters.JUnitXMLReporter -->
<testsuite ignored="0" hostname="DESKTOP-L4S0S29" failures="0" tests="6" name="Orange HRM Test" time="61.671" errors="0" timestamp="2025-12-14T11:56:41 IST">
  <testcase classname="com.qa.orangeHRM.tests.LoginPageTest" name="loginPageTitleTest" time="0.042"/>
  <testcase classname="com.qa.orangeHRM.tests.LoginPageTest" name="validLoginTest" time="2.808"/>
  <testcase classname="com.qa.orangeHRM.tests.LoginPageTest" name="invalidLoginTest" time="2.251"/>
  <testcase classname="com.qa.orangeHRM.tests.LoginPageTest" name="emptyCredentialsTest" time="0.682"/>
  <testcase classname="com.qa.orangeHRM.tests.AdminPageTest" name="addUserTest" time="7.488"/>
  <testcase classname="com.qa.orangeHRM.tests.AdminPageTest" name="searchUserTest" time="0.417"/>
</testsuite> <!-- Orange HRM Test -->
