<?xml version="1.0" encoding="UTF-8"?>
<!-- Generated by org.testng.reporters.JUnitReportReporter -->
<testsuite hostname="DESKTOP-L4S0S29" failures="0" tests="4" name="com.qa.orangeHRM.tests.LoginPageTest" time="32.793" errors="0" timestamp="2025-12-14T11:56:42 IST" skipped="0">
  <testcase classname="com.qa.orangeHRM.tests.LoginPageTest" name="loginPageTitleTest" time="4.309"/>
  <testcase classname="com.qa.orangeHRM.tests.LoginPageTest" name="validLoginTest" time="16.527"/>
  <testcase classname="com.qa.orangeHRM.tests.LoginPageTest" name="invalidLoginTest" time="6.869"/>
  <testcase classname="com.qa.orangeHRM.tests.LoginPageTest" name="emptyCredentialsTest" time="5.088"/>
</testsuite> <!-- com.qa.orangeHRM.tests.LoginPageTest -->
