<?xml version="1.0" encoding="UTF-8"?>
<!-- Generated by org.testng.reporters.JUnitReportReporter -->
<testsuite hostname="DESKTOP-L4S0S29" failures="0" tests="2" name="com.qa.orangeHRM.tests.AdminPageTest" time="26.681" errors="0" timestamp="2025-12-14T11:56:42 IST" skipped="0">
  <testcase classname="com.qa.orangeHRM.tests.AdminPageTest" name="addUserTest" time="16.967"/>
  <testcase classname="com.qa.orangeHRM.tests.AdminPageTest" name="searchUserTest" time="9.714"/>
</testsuite> <!-- com.qa.orangeHRM.tests.AdminPageTest -->
